<?xml version="1.0" encoding="UTF-8"?>
<!-- Generated by org.testng.reporters.JUnitReportReporter -->
<testsuite skipped="0" hostname="hambergit" name="demo.TestNGParametersDemo" tests="2" failures="0" timestamp="28 MÃ¤r 2019 11:34:07 GMT" time="0.017" errors="0">
  <testcase name="test1" time="0.015" classname="demo.TestNGParametersDemo"/>
  <testcase name="test2" time="0.002" classname="demo.TestNGParametersDemo"/>
</testsuite> <!-- demo.TestNGParametersDemo -->
