<?xml version="1.0" encoding="UTF-8"?>
<!-- Generated by org.testng.reporters.JUnitReportReporter -->
<testsuite skipped="0" hostname="hambergit" name="demo.TestNGDepandencyDemo" tests="3" failures="0" timestamp="28 MÃ¤r 2019 11:46:15 GMT" time="0.016" errors="0">
  <testcase name="test3" time="0.002" classname="demo.TestNGDepandencyDemo"/>
  <testcase name="test2" time="0.012" classname="demo.TestNGDepandencyDemo"/>
  <testcase name="test1" time="0.002" classname="demo.TestNGDepandencyDemo"/>
</testsuite> <!-- demo.TestNGDepandencyDemo -->
